<?xml version="1.0" encoding="UTF-8" ?>
<testsuite tests="2" failures="2" name="TestSuite" time="50.364" errors="0" skipped="0">
  <properties>
[...]
</properties>
  <testcase classname="test.apptest.hotel.FavoriteHotels" name="menuHome" time="21.992">
    <failure message="An element could not be located on the page using the given search parameters. (WARNING: The server did not provide any stacktrace information)
Command duration or timeout: 2.14 seconds
For documentation on this error, please visit: http://seleniumhq.org/exceptions/no_such_element.html
Build info: version: &apos;2.53.1&apos;, revision: &apos;a36b8b1cd5757287168e54b817830adce9b0158d&apos;, time: &apos;2016-06-30 19:26:09&apos;
System info: host: &apos;DST65976&apos;, ip: &apos;10.32.86.32&apos;, os.name: &apos;Windows 7&apos;, os.arch: &apos;amd64&apos;, os.version: &apos;6.1&apos;, java.version: &apos;1.8.0_121&apos;
Driver info: io.appium.java_client.android.AndroidDriver
Capabilities [{appPackage=ctrip.english, noReset=true, deviceName=127.0.0.1:62001, platform=LINUX, deviceUDID=127.0.0.1:62001, desired={appPackage=ctrip.english, appActivity=com.ctrip.ibu.myctrip.main.module.home.IBUHomeActivity, noReset=true, noSign=true, newCommandTimeout=10, platformVersion=null, browserName=, unicodeKeyboard=true, platformName=Android, deviceName=Android Emulator, resetKeyboard=true, autoAcceptAlerts=True}, newCommandTimeout=10, platformVersion=4.4.2, webStorageEnabled=false, takesScreenshot=true, browserName=, javascriptEnabled=true, unicodeKeyboard=true, platformName=Android, deviceManufacturer=samsung, resetKeyboard=true, deviceScreenSize=720x1280, networkConnectionEnabled=true, noSign=true, warnings={}, databaseEnabled=false, appActivity=com.ctrip.ibu.myctrip.main.module.home.IBUHomeActivity, locationContextEnabled=false, deviceModel=SM-G955N, autoAcceptAlerts=True}]
Session ID: 38c79fae-bb17-47e5-aaed-d2aba4d29cc7
*** Element info: {Using=id, value=tv_my_hotel_title}" type="org.openqa.selenium.NoSuchElementException">org.openqa.selenium.NoSuchElementException: An element could not be located on the page using the given search parameters. (WARNING: The server did not provide any stacktrace information)
Command duration or timeout: 2.14 seconds
For documentation on this error, please visit: http://seleniumhq.org/exceptions/no_such_element.html
Build info: version: &apos;2.53.1&apos;, revision: &apos;a36b8b1cd5757287168e54b817830adce9b0158d&apos;, time: &apos;2016-06-30 19:26:09&apos;
System info: host: &apos;DST65976&apos;, ip: &apos;10.32.86.32&apos;, os.name: &apos;Windows 7&apos;, os.arch: &apos;amd64&apos;, os.version: &apos;6.1&apos;, java.version: &apos;1.8.0_121&apos;
Driver info: io.appium.java_client.android.AndroidDriver
Capabilities [{appPackage=ctrip.english, noReset=true, deviceName=127.0.0.1:62001, platform=LINUX, deviceUDID=127.0.0.1:62001, desired={appPackage=ctrip.english, appActivity=com.ctrip.ibu.myctrip.main.module.home.IBUHomeActivity, noReset=true, noSign=true, newCommandTimeout=10, platformVersion=null, browserName=, unicodeKeyboard=true, platformName=Android, deviceName=Android Emulator, resetKeyboard=true, autoAcceptAlerts=True}, newCommandTimeout=10, platformVersion=4.4.2, webStorageEnabled=false, takesScreenshot=true, browserName=, javascriptEnabled=true, unicodeKeyboard=true, platformName=Android, deviceManufacturer=samsung, resetKeyboard=true, deviceScreenSize=720x1280, networkConnectionEnabled=true, noSign=true, warnings={}, databaseEnabled=false, appActivity=com.ctrip.ibu.myctrip.main.module.home.IBUHomeActivity, locationContextEnabled=false, deviceModel=SM-G955N, autoAcceptAlerts=True}]
Session ID: 38c79fae-bb17-47e5-aaed-d2aba4d29cc7
*** Element info: {Using=id, value=tv_my_hotel_title}
	at sun.reflect.NativeConstructorAccessorImpl.newInstance0(Native Method)
	at sun.reflect.NativeConstructorAccessorImpl.newInstance(NativeConstructorAccessorImpl.java:62)
	at sun.reflect.DelegatingConstructorAccessorImpl.newInstance(DelegatingConstructorAccessorImpl.java:45)
	at java.lang.reflect.Constructor.newInstance(Constructor.java:423)
	at org.openqa.selenium.remote.ErrorHandler.createThrowable(ErrorHandler.java:206)
	at org.openqa.selenium.remote.ErrorHandler.throwIfResponseFailed(ErrorHandler.java:158)
	at org.openqa.selenium.remote.RemoteWebDriver.execute(RemoteWebDriver.java:678)
	at io.appium.java_client.DefaultGenericMobileDriver.execute(DefaultGenericMobileDriver.java:40)
	at io.appium.java_client.AppiumDriver.execute(AppiumDriver.java:1)
	at io.appium.java_client.android.AndroidDriver.execute(AndroidDriver.java:1)
	at org.openqa.selenium.remote.RemoteWebDriver.findElement(RemoteWebDriver.java:363)
	at io.appium.java_client.DefaultGenericMobileDriver.findElement(DefaultGenericMobileDriver.java:56)
	at io.appium.java_client.AppiumDriver.findElement(AppiumDriver.java:1)
	at io.appium.java_client.android.AndroidDriver.findElement(AndroidDriver.java:1)
	at org.openqa.selenium.remote.RemoteWebDriver.findElementById(RemoteWebDriver.java:413)
	at io.appium.java_client.DefaultGenericMobileDriver.findElementById(DefaultGenericMobileDriver.java:64)
	at io.appium.java_client.AppiumDriver.findElementById(AppiumDriver.java:1)
	at io.appium.java_client.android.AndroidDriver.findElementById(AndroidDriver.java:1)
	at org.openqa.selenium.By$ById.findElement(By.java:218)
	at org.openqa.selenium.remote.RemoteWebDriver.findElement(RemoteWebDriver.java:355)
	at io.appium.java_client.DefaultGenericMobileDriver.findElement(DefaultGenericMobileDriver.java:52)
	at io.appium.java_client.AppiumDriver.findElement(AppiumDriver.java:1)
	at io.appium.java_client.android.AndroidDriver.findElement(AndroidDriver.java:1)
	at test.apptest.hotel.FavoriteHotels.menuHome(FavoriteHotels.java:48)
</failure>
    <system-out>@HL
@HL-------------------------------------------------------
@HL T E S T S
@HL-------------------------------------------------------
@SLRunning TestSuite
2018-02-05 11:45:43 INFO [org.springframework.test.context.support.DefaultTestContextBootstrapper] Could not instantiate TestExecutionListener [org.springframework.test.context.web.ServletTestExecutionListener]. Specify custom listener classes or make the default listener classes (and their required dependencies) available. Offending class: [javax/servlet/ServletContext]
2018-02-05 11:45:43 INFO [org.springframework.test.context.support.DefaultTestContextBootstrapper] Using TestExecutionListeners: [org.springframework.test.context.support.DirtiesContextBeforeModesTestExecutionListener@473b46c3, org.springframework.test.context.support.DependencyInjectionTestExecutionListener@516be40f, org.springframework.test.context.support.DirtiesContextTestExecutionListener@3c0a50da, org.springframework.test.context.transaction.TransactionalTestExecutionListener@646be2c3, org.springframework.test.context.jdbc.SqlScriptsTestExecutionListener@797badd3]
2018-02-05 11:45:43 INFO [org.springframework.beans.factory.xml.XmlBeanDefinitionReader] Loading XML bean definitions from URL [file:/D:/workspace/hotelapp/triptest/target/classes/ApplicationContext.xml]
2018-02-05 11:45:44 INFO [org.springframework.context.support.GenericApplicationContext] Refreshing org.springframework.context.support.GenericApplicationContext@197d671: startup date [Mon Feb 05 11:45:44 CST 2018]; root of context hierarchy
2018-02-05 11:45:44 INFO [org.springframework.beans.factory.config.PropertyPlaceholderConfigurer] Loading properties file from class path resource [mysql.properties]
2018-02-05 11:45:44 INFO [org.springframework.beans.factory.annotation.AutowiredAnnotationBeanPostProcessor] JSR-330 &apos;javax.inject.Inject&apos; annotation found and supported for autowiring
2018-02-05 11:45:44 INFO [com.mchange.v2.log.MLog] MLog clients using log4j logging.
2018-02-05 11:45:44 INFO [com.mchange.v2.c3p0.C3P0Registry] Initializing c3p0-0.9.1.2 [built 21-May-2007 15:04:56; debug? true; trace: 10]
2018-02-05 11:45:44 INFO [com.mchange.v2.c3p0.impl.AbstractPoolBackedDataSource] Initializing c3p0 pool... com.mchange.v2.c3p0.ComboPooledDataSource [ acquireIncrement -&gt; 3, acquireRetryAttempts -&gt; 30, acquireRetryDelay -&gt; 1000, autoCommitOnClose -&gt; false, automaticTestTable -&gt; null, breakAfterAcquireFailure -&gt; false, checkoutTimeout -&gt; 0, connectionCustomizerClassName -&gt; null, connectionTesterClassName -&gt; com.mchange.v2.c3p0.impl.DefaultConnectionTester, dataSourceName -&gt; 2t5d0g9trrkexg19g7lk7|6ea2bc93, debugUnreturnedConnectionStackTraces -&gt; false, description -&gt; null, driverClass -&gt; com.mysql.jdbc.Driver, factoryClassLocation -&gt; null, forceIgnoreUnresolvedTransactions -&gt; false, identityToken -&gt; 2t5d0g9trrkexg19g7lk7|6ea2bc93, idleConnectionTestPeriod -&gt; 0, initialPoolSize -&gt; 3, jdbcUrl -&gt; jdbc:mysql://10.32.86.32:3306/myctrip, maxAdministrativeTaskTime -&gt; 0, maxConnectionAge -&gt; 0, maxIdleTime -&gt; 0, maxIdleTimeExcessConnections -&gt; 0, maxPoolSize -&gt; 15, maxStatements -&gt; 0, maxStatementsPerConnection -&gt; 0, minPoolSize -&gt; 3, numHelperThreads -&gt; 3, numThreadsAwaitingCheckoutDefaultUser -&gt; 0, preferredTestQuery -&gt; null, properties -&gt; {user=******, password=******}, propertyCycle -&gt; 0, testConnectionOnCheckin -&gt; false, testConnectionOnCheckout -&gt; false, unreturnedConnectionTimeout -&gt; 0, usesTraditionalReflectiveProxies -&gt; false ]
2018-02-05 11:45:44 INFO [org.springframework.test.context.transaction.TransactionContext] Began transaction (1) for test context [DefaultTestContext@3b96c42e testClass = FavoriteHotels, testInstance = test.apptest.hotel.FavoriteHotels@77e9807f, testMethod = menuHome@FavoriteHotels, testException = [null], mergedContextConfiguration = [MergedContextConfiguration@babafc2 testClass = FavoriteHotels, locations = &apos;{classpath*:ApplicationContext.xml}&apos;, classes = &apos;{}&apos;, contextInitializerClasses = &apos;[]&apos;, activeProfiles = &apos;{}&apos;, propertySourceLocations = &apos;{}&apos;, propertySourceProperties = &apos;{}&apos;, contextLoader = &apos;org.springframework.test.context.support.DelegatingSmartContextLoader&apos;, parent = [null]]]; transaction manager [org.springframework.jdbc.datasource.DataSourceTransactionManager@5d066c7d]; rollback [true]
2018-02-05 11:46:00 INFO [test.apptest.hotel.FavoriteHotels] 初始化成功，准备登陆
2018-02-05 11:46:04 INFO [test.apptest.hotel.FavoriteHotels] C1309665	无任何喜爱的酒店+返回上级菜单 
onTestFailure:menuHome测试失败
</system-out>
    <system-err>log4j:WARN No appenders could be found for logger (org.springframework.test.context.BootstrapUtils).
log4j:WARN Please initialize the log4j system properly.
log4j:WARN See http://logging.apache.org/log4j/1.2/faq.html#noconfig for more info.
</system-err>
  </testcase>
  <testcase classname="test.apptest.hotel.SelectFavoriteCity" name="selectFavoriteCity" time="6.717">
    <failure message="An element could not be located on the page using the given search parameters. (WARNING: The server did not provide any stacktrace information)
Command duration or timeout: 1.97 seconds
For documentation on this error, please visit: http://seleniumhq.org/exceptions/no_such_element.html
Build info: version: &apos;2.53.1&apos;, revision: &apos;a36b8b1cd5757287168e54b817830adce9b0158d&apos;, time: &apos;2016-06-30 19:26:09&apos;
System info: host: &apos;DST65976&apos;, ip: &apos;10.32.86.32&apos;, os.name: &apos;Windows 7&apos;, os.arch: &apos;amd64&apos;, os.version: &apos;6.1&apos;, java.version: &apos;1.8.0_121&apos;
Driver info: io.appium.java_client.android.AndroidDriver
Capabilities [{appPackage=ctrip.english, noReset=true, deviceName=127.0.0.1:62001, platform=LINUX, deviceUDID=127.0.0.1:62001, desired={appPackage=ctrip.english, appActivity=com.ctrip.ibu.myctrip.main.module.home.IBUHomeActivity, noReset=true, noSign=true, newCommandTimeout=10, platformVersion=null, browserName=, unicodeKeyboard=true, platformName=Android, deviceName=Android Emulator, resetKeyboard=true, autoAcceptAlerts=True}, newCommandTimeout=10, platformVersion=4.4.2, webStorageEnabled=false, takesScreenshot=true, browserName=, javascriptEnabled=true, unicodeKeyboard=true, platformName=Android, deviceManufacturer=samsung, resetKeyboard=true, deviceScreenSize=720x1280, networkConnectionEnabled=true, noSign=true, warnings={}, databaseEnabled=false, appActivity=com.ctrip.ibu.myctrip.main.module.home.IBUHomeActivity, locationContextEnabled=false, deviceModel=SM-G955N, autoAcceptAlerts=True}]
Session ID: 901ab8a0-f952-403d-b509-bbbbf97e959d
*** Element info: {Using=id, value=tv_my_hotel_title}" type="org.openqa.selenium.NoSuchElementException">org.openqa.selenium.NoSuchElementException: An element could not be located on the page using the given search parameters. (WARNING: The server did not provide any stacktrace information)
Command duration or timeout: 1.97 seconds
For documentation on this error, please visit: http://seleniumhq.org/exceptions/no_such_element.html
Build info: version: &apos;2.53.1&apos;, revision: &apos;a36b8b1cd5757287168e54b817830adce9b0158d&apos;, time: &apos;2016-06-30 19:26:09&apos;
System info: host: &apos;DST65976&apos;, ip: &apos;10.32.86.32&apos;, os.name: &apos;Windows 7&apos;, os.arch: &apos;amd64&apos;, os.version: &apos;6.1&apos;, java.version: &apos;1.8.0_121&apos;
Driver info: io.appium.java_client.android.AndroidDriver
Capabilities [{appPackage=ctrip.english, noReset=true, deviceName=127.0.0.1:62001, platform=LINUX, deviceUDID=127.0.0.1:62001, desired={appPackage=ctrip.english, appActivity=com.ctrip.ibu.myctrip.main.module.home.IBUHomeActivity, noReset=true, noSign=true, newCommandTimeout=10, platformVersion=null, browserName=, unicodeKeyboard=true, platformName=Android, deviceName=Android Emulator, resetKeyboard=true, autoAcceptAlerts=True}, newCommandTimeout=10, platformVersion=4.4.2, webStorageEnabled=false, takesScreenshot=true, browserName=, javascriptEnabled=true, unicodeKeyboard=true, platformName=Android, deviceManufacturer=samsung, resetKeyboard=true, deviceScreenSize=720x1280, networkConnectionEnabled=true, noSign=true, warnings={}, databaseEnabled=false, appActivity=com.ctrip.ibu.myctrip.main.module.home.IBUHomeActivity, locationContextEnabled=false, deviceModel=SM-G955N, autoAcceptAlerts=True}]
Session ID: 901ab8a0-f952-403d-b509-bbbbf97e959d
*** Element info: {Using=id, value=tv_my_hotel_title}
	at sun.reflect.NativeConstructorAccessorImpl.newInstance0(Native Method)
	at sun.reflect.NativeConstructorAccessorImpl.newInstance(NativeConstructorAccessorImpl.java:62)
	at sun.reflect.DelegatingConstructorAccessorImpl.newInstance(DelegatingConstructorAccessorImpl.java:45)
	at java.lang.reflect.Constructor.newInstance(Constructor.java:423)
	at org.openqa.selenium.remote.ErrorHandler.createThrowable(ErrorHandler.java:206)
	at org.openqa.selenium.remote.ErrorHandler.throwIfResponseFailed(ErrorHandler.java:158)
	at org.openqa.selenium.remote.RemoteWebDriver.execute(RemoteWebDriver.java:678)
	at io.appium.java_client.DefaultGenericMobileDriver.execute(DefaultGenericMobileDriver.java:40)
	at io.appium.java_client.AppiumDriver.execute(AppiumDriver.java:1)
	at io.appium.java_client.android.AndroidDriver.execute(AndroidDriver.java:1)
	at org.openqa.selenium.remote.RemoteWebDriver.findElement(RemoteWebDriver.java:363)
	at io.appium.java_client.DefaultGenericMobileDriver.findElement(DefaultGenericMobileDriver.java:56)
	at io.appium.java_client.AppiumDriver.findElement(AppiumDriver.java:1)
	at io.appium.java_client.android.AndroidDriver.findElement(AndroidDriver.java:1)
	at org.openqa.selenium.remote.RemoteWebDriver.findElementById(RemoteWebDriver.java:413)
	at io.appium.java_client.DefaultGenericMobileDriver.findElementById(DefaultGenericMobileDriver.java:64)
	at io.appium.java_client.AppiumDriver.findElementById(AppiumDriver.java:1)
	at io.appium.java_client.android.AndroidDriver.findElementById(AndroidDriver.java:1)
	at org.openqa.selenium.By$ById.findElement(By.java:218)
	at org.openqa.selenium.remote.RemoteWebDriver.findElement(RemoteWebDriver.java:355)
	at io.appium.java_client.DefaultGenericMobileDriver.findElement(DefaultGenericMobileDriver.java:52)
	at io.appium.java_client.AppiumDriver.findElement(AppiumDriver.java:1)
	at io.appium.java_client.android.AndroidDriver.findElement(AndroidDriver.java:1)
	at test.apptest.hotel.SelectFavoriteCity.selectFavoriteCity(SelectFavoriteCity.java:46)
</failure>
    <system-out>onTestFailure:menuHome测试失败
2018-02-05 11:46:06 INFO [org.springframework.test.context.transaction.TransactionContext] Rolled back transaction for test context [DefaultTestContext@3b96c42e testClass = FavoriteHotels, testInstance = test.apptest.hotel.FavoriteHotels@77e9807f, testMethod = menuHome@FavoriteHotels, testException = org.openqa.selenium.NoSuchElementException: An element could not be located on the page using the given search parameters. (WARNING: The server did not provide any stacktrace information)
Command duration or timeout: 2.14 seconds
For documentation on this error, please visit: http://seleniumhq.org/exceptions/no_such_element.html
Build info: version: &apos;2.53.1&apos;, revision: &apos;a36b8b1cd5757287168e54b817830adce9b0158d&apos;, time: &apos;2016-06-30 19:26:09&apos;
System info: host: &apos;DST65976&apos;, ip: &apos;10.32.86.32&apos;, os.name: &apos;Windows 7&apos;, os.arch: &apos;amd64&apos;, os.version: &apos;6.1&apos;, java.version: &apos;1.8.0_121&apos;
Driver info: io.appium.java_client.android.AndroidDriver
Capabilities [{appPackage=ctrip.english, noReset=true, deviceName=127.0.0.1:62001, platform=LINUX, deviceUDID=127.0.0.1:62001, desired={appPackage=ctrip.english, appActivity=com.ctrip.ibu.myctrip.main.module.home.IBUHomeActivity, noReset=true, noSign=true, newCommandTimeout=10, platformVersion=null, browserName=, unicodeKeyboard=true, platformName=Android, deviceName=Android Emulator, resetKeyboard=true, autoAcceptAlerts=True}, newCommandTimeout=10, platformVersion=4.4.2, webStorageEnabled=false, takesScreenshot=true, browserName=, javascriptEnabled=true, unicodeKeyboard=true, platformName=Android, deviceManufacturer=samsung, resetKeyboard=true, deviceScreenSize=720x1280, networkConnectionEnabled=true, noSign=true, warnings={}, databaseEnabled=false, appActivity=com.ctrip.ibu.myctrip.main.module.home.IBUHomeActivity, locationContextEnabled=false, deviceModel=SM-G955N, autoAcceptAlerts=True}]
Session ID: 38c79fae-bb17-47e5-aaed-d2aba4d29cc7
*** Element info: {Using=id, value=tv_my_hotel_title}, mergedContextConfiguration = [MergedContextConfiguration@babafc2 testClass = FavoriteHotels, locations = &apos;{classpath*:ApplicationContext.xml}&apos;, classes = &apos;{}&apos;, contextInitializerClasses = &apos;[]&apos;, activeProfiles = &apos;{}&apos;, propertySourceLocations = &apos;{}&apos;, propertySourceProperties = &apos;{}&apos;, contextLoader = &apos;org.springframework.test.context.support.DelegatingSmartContextLoader&apos;, parent = [null]]].
2018-02-05 11:46:24 INFO [org.springframework.test.context.transaction.TransactionContext] Began transaction (1) for test context [DefaultTestContext@3ec11999 testClass = SelectFavoriteCity, testInstance = test.apptest.hotel.SelectFavoriteCity@971d0d8, testMethod = selectFavoriteCity@SelectFavoriteCity, testException = [null], mergedContextConfiguration = [MergedContextConfiguration@4de025bf testClass = SelectFavoriteCity, locations = &apos;{classpath*:ApplicationContext.xml}&apos;, classes = &apos;{}&apos;, contextInitializerClasses = &apos;[]&apos;, activeProfiles = &apos;{}&apos;, propertySourceLocations = &apos;{}&apos;, propertySourceProperties = &apos;{}&apos;, contextLoader = &apos;org.springframework.test.context.support.DelegatingSmartContextLoader&apos;, parent = [null]]]; transaction manager [org.springframework.jdbc.datasource.DataSourceTransactionManager@5d066c7d]; rollback [true]
2018-02-05 11:46:24 INFO [test.apptest.hotel.SelectFavoriteCity] ---启动APP---
2018-02-05 11:46:24 INFO [test.apptest.hotel.SelectFavoriteCity] 初始化成功，准备登陆
2018-02-05 11:46:27 INFO [test.apptest.hotel.SelectFavoriteCity] ---进入酒店首页---
2018-02-05 11:46:29 INFO [test.apptest.hotel.SelectFavoriteCity] --C1309666喜爱酒店城市筛选---
onTestFailure:selectFavoriteCity测试失败
</system-out>
  </testcase>
</testsuite>