<?xml version="1.0" encoding="UTF-8"?>
<testng-results skipped="0" failed="0" total="1" passed="1">
  <reporter-output>
  </reporter-output>
  <suite name="org.mailtest.EmailTest" duration-ms="3504" started-at="2018-02-02T08:11:34Z" finished-at="2018-02-02T08:11:38Z">
    <groups>
    </groups>
    <test name="Command line test" duration-ms="3504" started-at="2018-02-02T08:11:34Z" finished-at="2018-02-02T08:11:38Z">
      <class name="org.mailtest.EmailTest">
        <test-method status="PASS" signature="email()[pri:0, instance:org.mailtest.EmailTest@6e8dacdf]" name="email" duration-ms="3494" started-at="2018-02-02T16:11:34Z" finished-at="2018-02-02T16:11:38Z">
          <reporter-output>
          </reporter-output>
        </test-method> <!-- email -->
      </class> <!-- org.mailtest.EmailTest -->
    </test> <!-- Command line test -->
  </suite> <!-- org.mailtest.EmailTest -->
</testng-results>
